2023-12-11 00:06:13.489 [info] Added views:workbench.panel.markers.view in workbench.panel.markers
2023-12-11 00:06:13.489 [info] Added views:workbench.panel.output in workbench.panel.output
2023-12-11 00:06:13.489 [info] Added views:terminal in terminal
2023-12-11 00:06:13.489 [info] Added views:outline in workbench.view.explorer
2023-12-11 00:06:13.489 [info] Added views:workbench.scm in workbench.view.scm
2023-12-11 00:06:13.489 [info] Added views:workbench.view.search in workbench.view.search
2023-12-11 00:06:13.489 [info] Added views:timeline in workbench.view.explorer
2023-12-11 00:06:13.489 [info] Added views:workbench.explorer.fileView in workbench.view.explorer
2023-12-11 00:06:13.614 [info] Added views:workbench.debug.welcome in workbench.view.debug
2023-12-11 00:06:13.749 [info] Added views:gitlens.views.home,gitlens.views.drafts,gitlens.views.workspaces,gitlens.views.account in workbench.view.extension.gitlens
2023-12-11 00:06:13.749 [info] Added views:gitlens.views.commitDetails,gitlens.views.lineHistory,gitlens.views.fileHistory,gitlens.views.searchAndCompare in workbench.view.extension.gitlensInspect
2023-12-11 00:06:13.750 [info] Added views:gitlens.views.commits,gitlens.views.branches,gitlens.views.remotes,gitlens.views.stashes,gitlens.views.tags,gitlens.views.contributors in workbench.view.scm
2023-12-11 00:06:13.750 [info] Added views:dockerContainers,dockerImages,dockerRegistries,dockerNetworks,dockerVolumes,vscode-docker.views.dockerContexts,vscode-docker.views.help in workbench.view.extension.dockerView
2023-12-11 00:06:13.750 [info] Added views:extension.vsKubernetesExplorer,extension.vsKubernetesHelmRepoExplorer,kubernetes.cloudExplorer in workbench.view.extension.kubernetesView
2023-12-11 00:06:13.885 [info] Added views:workbench.panel.repl.view in workbench.panel.repl
2023-12-11 00:06:14.135 [info] Added views:~remote.forwardedPorts in ~remote.forwardedPortsContainer
2023-12-11 00:06:14.216 [info] Removed views:gitlens.views.searchAndCompare,gitlens.views.fileHistory,gitlens.views.lineHistory,gitlens.views.commitDetails from workbench.view.extension.gitlensInspect
2023-12-11 00:06:14.217 [info] Removed views:gitlens.views.contributors,gitlens.views.tags,gitlens.views.stashes,gitlens.views.remotes,gitlens.views.branches,gitlens.views.commits from workbench.view.scm
2023-12-11 00:06:43.976 [info] Added views:workbench.panel.markers.view in workbench.panel.markers
2023-12-11 00:06:43.976 [info] Added views:workbench.panel.output in workbench.panel.output
2023-12-11 00:06:43.976 [info] Added views:terminal in terminal
2023-12-11 00:06:43.976 [info] Added views:outline in workbench.view.explorer
2023-12-11 00:06:43.976 [info] Added views:workbench.scm in workbench.view.scm
2023-12-11 00:06:43.976 [info] Added views:workbench.view.search in workbench.view.search
2023-12-11 00:06:43.976 [info] Added views:timeline in workbench.view.explorer
2023-12-11 00:06:43.976 [info] Added views:workbench.explorer.fileView in workbench.view.explorer
2023-12-11 00:06:44.059 [info] Added views:workbench.debug.welcome in workbench.view.debug
2023-12-11 00:06:44.147 [info] Added views:gitlens.views.home,gitlens.views.drafts,gitlens.views.workspaces,gitlens.views.account in workbench.view.extension.gitlens
2023-12-11 00:06:44.147 [info] Added views:gitlens.views.commitDetails,gitlens.views.lineHistory,gitlens.views.fileHistory,gitlens.views.searchAndCompare in workbench.view.extension.gitlensInspect
2023-12-11 00:06:44.147 [info] Added views:gitlens.views.commits,gitlens.views.branches,gitlens.views.remotes,gitlens.views.stashes,gitlens.views.tags,gitlens.views.contributors in workbench.view.scm
2023-12-11 00:06:44.147 [info] Added views:dockerContainers,dockerImages,dockerRegistries,dockerNetworks,dockerVolumes,vscode-docker.views.dockerContexts,vscode-docker.views.help in workbench.view.extension.dockerView
2023-12-11 00:06:44.147 [info] Added views:extension.vsKubernetesExplorer,extension.vsKubernetesHelmRepoExplorer,kubernetes.cloudExplorer in workbench.view.extension.kubernetesView
2023-12-11 00:06:44.304 [info] Added views:workbench.panel.repl.view in workbench.panel.repl
2023-12-11 00:06:44.440 [info] Added views:~remote.forwardedPorts in ~remote.forwardedPortsContainer
2023-12-11 00:06:44.696 [info] Removed views:gitlens.views.searchAndCompare,gitlens.views.fileHistory,gitlens.views.lineHistory,gitlens.views.commitDetails from workbench.view.extension.gitlensInspect
2023-12-11 00:06:44.697 [info] Removed views:gitlens.views.contributors,gitlens.views.tags,gitlens.views.stashes,gitlens.views.remotes,gitlens.views.branches,gitlens.views.commits from workbench.view.scm
2023-12-11 00:27:39.427 [info] Added views:workbench.view.testing in workbench.view.extension.test
2023-12-11 01:16:45.974 [info] Removed views:workbench.view.testing from workbench.view.extension.test
