2023-12-11 00:06:14.182 [info] Log level: Info
2023-12-11 00:06:14.182 [info] Validating found git in: "git"
2023-12-11 00:06:14.182 [info] Using git "2.43.0" from "git"
2023-12-11 00:06:14.182 [info] > git rev-parse --show-toplevel [2ms]
2023-12-11 00:06:14.182 [info] fatal: not a git repository (or any of the parent directories): .git
2023-12-11 00:06:14.182 [info] > git rev-parse --show-toplevel [166ms]
2023-12-11 00:06:14.182 [info] fatal: not a git repository (or any of the parent directories): .git
2023-12-11 00:06:14.182 [info] > git rev-parse --show-toplevel [1ms]
2023-12-11 00:06:14.182 [info] fatal: not a git repository (or any of the parent directories): .git
2023-12-11 00:06:14.188 [info] > git rev-parse --show-toplevel [1ms]
2023-12-11 00:06:14.188 [info] fatal: not a git repository (or any of the parent directories): .git
2023-12-11 00:06:14.243 [info] > git rev-parse --show-toplevel [51ms]
2023-12-11 00:06:14.243 [info] fatal: not a git repository (or any of the parent directories): .git
2023-12-11 00:06:14.265 [info] > git rev-parse --show-toplevel [6ms]
2023-12-11 00:06:14.265 [info] fatal: not a git repository (or any of the parent directories): .git
2023-12-11 00:06:14.274 [info] > git rev-parse --show-toplevel [2ms]
2023-12-11 00:06:14.274 [info] fatal: not a git repository (or any of the parent directories): .git
2023-12-11 00:06:14.279 [info] > git rev-parse --show-toplevel [1ms]
2023-12-11 00:06:14.279 [info] fatal: not a git repository (or any of the parent directories): .git
2023-12-11 00:06:14.421 [info] > git rev-parse --show-toplevel [1ms]
2023-12-11 00:06:14.421 [info] fatal: not a git repository (or any of the parent directories): .git
2023-12-11 00:06:31.455 [info] > git rev-parse --show-toplevel [1ms]
2023-12-11 00:06:31.455 [info] fatal: not a git repository (or any of the parent directories): .git
2023-12-11 00:06:31.869 [info] > git rev-parse --show-toplevel [0ms]
2023-12-11 00:06:31.869 [info] fatal: not a git repository (or any of the parent directories): .git
2023-12-11 00:06:32.317 [info] > git rev-parse --show-toplevel [0ms]
2023-12-11 00:06:32.317 [info] fatal: not a git repository (or any of the parent directories): .git
2023-12-11 00:06:33.473 [info] > git rev-parse --show-toplevel [1ms]
2023-12-11 00:06:33.473 [info] fatal: not a git repository (or any of the parent directories): .git
2023-12-11 00:06:34.336 [info] > git rev-parse --show-toplevel [0ms]
2023-12-11 00:06:34.336 [info] fatal: not a git repository (or any of the parent directories): .git
2023-12-11 00:06:44.686 [info] Log level: Info
2023-12-11 00:06:44.686 [info] Validating found git in: "git"
2023-12-11 00:06:44.686 [info] Using git "2.43.0" from "git"
2023-12-11 00:06:44.686 [info] > git rev-parse --show-toplevel [4ms]
2023-12-11 00:06:44.686 [info] fatal: not a git repository (or any of the parent directories): .git
2023-12-11 00:06:44.688 [info] > git rev-parse --show-toplevel [125ms]
2023-12-11 00:06:44.688 [info] fatal: not a git repository (or any of the parent directories): .git
2023-12-11 00:06:44.754 [info] > git rev-parse --show-toplevel [21ms]
2023-12-11 00:06:44.754 [info] fatal: not a git repository (or any of the parent directories): .git
2023-12-11 00:06:44.762 [info] > git rev-parse --show-toplevel [2ms]
2023-12-11 00:06:44.762 [info] fatal: not a git repository (or any of the parent directories): .git
2023-12-11 00:06:44.770 [info] > git rev-parse --show-toplevel [4ms]
2023-12-11 00:06:44.770 [info] fatal: not a git repository (or any of the parent directories): .git
2023-12-11 00:07:12.691 [info] > git rev-parse --show-toplevel [1ms]
2023-12-11 00:07:12.691 [info] fatal: not a git repository (or any of the parent directories): .git
2023-12-11 00:07:17.865 [info] > git rev-parse --show-toplevel [1ms]
2023-12-11 00:07:17.865 [info] fatal: not a git repository (or any of the parent directories): .git
2023-12-11 00:07:27.939 [info] > git rev-parse --show-toplevel [1ms]
2023-12-11 00:07:27.939 [info] fatal: not a git repository (or any of the parent directories): .git
2023-12-11 00:08:30.321 [info] > git rev-parse --show-toplevel [1ms]
2023-12-11 00:08:30.321 [info] fatal: not a git repository (or any of the parent directories): .git
2023-12-11 00:08:36.926 [info] > git rev-parse --show-toplevel [1ms]
2023-12-11 00:08:36.926 [info] fatal: not a git repository (or any of the parent directories): .git
2023-12-11 00:13:29.465 [info] > git rev-parse --show-toplevel [2ms]
2023-12-11 00:13:29.465 [info] fatal: not a git repository (or any of the parent directories): .git
2023-12-11 00:13:47.654 [info] > git rev-parse --show-toplevel [1ms]
2023-12-11 00:13:47.654 [info] fatal: not a git repository (or any of the parent directories): .git
2023-12-11 00:13:49.833 [info] > git rev-parse --show-toplevel [1ms]
2023-12-11 00:13:49.833 [info] fatal: not a git repository (or any of the parent directories): .git
2023-12-11 00:13:52.115 [info] > git rev-parse --show-toplevel [1ms]
2023-12-11 00:13:52.115 [info] fatal: not a git repository (or any of the parent directories): .git
2023-12-11 00:13:53.176 [info] > git rev-parse --show-toplevel [2ms]
2023-12-11 00:13:53.176 [info] fatal: not a git repository (or any of the parent directories): .git
2023-12-11 00:13:54.200 [info] > git rev-parse --show-toplevel [1ms]
2023-12-11 00:13:54.200 [info] fatal: not a git repository (or any of the parent directories): .git
2023-12-11 00:13:59.037 [info] > git rev-parse --show-toplevel [1ms]
2023-12-11 00:13:59.037 [info] fatal: not a git repository (or any of the parent directories): .git
2023-12-11 00:14:00.806 [info] > git rev-parse --show-toplevel [1ms]
2023-12-11 00:14:00.806 [info] fatal: not a git repository (or any of the parent directories): .git
2023-12-11 00:14:02.798 [info] > git rev-parse --show-toplevel [1ms]
2023-12-11 00:14:02.798 [info] fatal: not a git repository (or any of the parent directories): .git
2023-12-11 00:14:14.089 [info] > git rev-parse --show-toplevel [2ms]
2023-12-11 00:14:14.089 [info] fatal: not a git repository (or any of the parent directories): .git
2023-12-11 00:14:16.383 [info] > git rev-parse --show-toplevel [1ms]
2023-12-11 00:14:16.383 [info] fatal: not a git repository (or any of the parent directories): .git
2023-12-11 00:14:17.335 [info] > git rev-parse --show-toplevel [1ms]
2023-12-11 00:14:17.335 [info] fatal: not a git repository (or any of the parent directories): .git
2023-12-11 00:14:41.993 [info] > git rev-parse --show-toplevel [1ms]
2023-12-11 00:14:41.993 [info] fatal: not a git repository (or any of the parent directories): .git
2023-12-11 00:14:45.088 [info] > git rev-parse --show-toplevel [1ms]
2023-12-11 00:14:45.088 [info] fatal: not a git repository (or any of the parent directories): .git
2023-12-11 00:14:53.873 [info] > git rev-parse --show-toplevel [1ms]
2023-12-11 00:14:53.873 [info] fatal: not a git repository (or any of the parent directories): .git
2023-12-11 00:16:20.084 [info] > git rev-parse --show-toplevel [1ms]
2023-12-11 00:16:20.084 [info] fatal: not a git repository (or any of the parent directories): .git
2023-12-11 00:16:23.871 [info] > git rev-parse --show-toplevel [2ms]
2023-12-11 00:16:23.871 [info] fatal: not a git repository (or any of the parent directories): .git
2023-12-11 00:16:25.996 [info] > git rev-parse --show-toplevel [1ms]
2023-12-11 00:16:25.996 [info] fatal: not a git repository (or any of the parent directories): .git
2023-12-11 00:17:26.544 [info] > git rev-parse --show-toplevel [1ms]
2023-12-11 00:17:26.544 [info] fatal: not a git repository (or any of the parent directories): .git
2023-12-11 00:17:30.294 [info] > git rev-parse --show-toplevel [0ms]
2023-12-11 00:17:30.294 [info] fatal: not a git repository (or any of the parent directories): .git
2023-12-11 00:18:43.818 [info] > git rev-parse --show-toplevel [1ms]
2023-12-11 00:18:43.818 [info] fatal: not a git repository (or any of the parent directories): .git
2023-12-11 00:19:50.139 [info] > git rev-parse --show-toplevel [0ms]
2023-12-11 00:19:50.140 [info] fatal: not a git repository (or any of the parent directories): .git
2023-12-11 00:25:54.246 [info] > git rev-parse --show-toplevel [2ms]
2023-12-11 00:25:54.246 [info] fatal: not a git repository (or any of the parent directories): .git
2023-12-11 00:26:04.869 [info] > git rev-parse --show-toplevel [1ms]
2023-12-11 00:26:04.869 [info] fatal: not a git repository (or any of the parent directories): .git
2023-12-11 00:26:07.133 [info] > git rev-parse --show-toplevel [1ms]
2023-12-11 00:26:07.133 [info] fatal: not a git repository (or any of the parent directories): .git
2023-12-11 00:26:41.515 [info] > git rev-parse --show-toplevel [1ms]
2023-12-11 00:26:41.515 [info] fatal: not a git repository (or any of the parent directories): .git
2023-12-11 00:27:10.402 [info] > git rev-parse --show-toplevel [1ms]
2023-12-11 00:27:10.402 [info] fatal: not a git repository (or any of the parent directories): .git
2023-12-11 00:27:39.317 [info] > git rev-parse --show-toplevel [1ms]
2023-12-11 00:27:39.317 [info] fatal: not a git repository (or any of the parent directories): .git
2023-12-11 00:27:42.900 [info] > git rev-parse --show-toplevel [1ms]
2023-12-11 00:27:42.900 [info] fatal: not a git repository (or any of the parent directories): .git
2023-12-11 00:27:51.944 [info] > git rev-parse --show-toplevel [1ms]
2023-12-11 00:27:51.944 [info] fatal: not a git repository (or any of the parent directories): .git
2023-12-11 00:27:53.751 [info] > git rev-parse --show-toplevel [2ms]
2023-12-11 00:27:53.751 [info] fatal: not a git repository (or any of the parent directories): .git
2023-12-11 00:28:03.010 [info] > git rev-parse --show-toplevel [4ms]
2023-12-11 00:28:03.010 [info] fatal: not a git repository (or any of the parent directories): .git
2023-12-11 00:28:07.619 [info] > git rev-parse --show-toplevel [1ms]
2023-12-11 00:28:07.619 [info] fatal: not a git repository (or any of the parent directories): .git
2023-12-11 00:28:11.768 [info] > git rev-parse --show-toplevel [1ms]
2023-12-11 00:28:11.768 [info] fatal: not a git repository (or any of the parent directories): .git
2023-12-11 00:28:13.191 [info] > git rev-parse --show-toplevel [1ms]
2023-12-11 00:28:13.191 [info] fatal: not a git repository (or any of the parent directories): .git
2023-12-11 00:28:15.846 [info] > git rev-parse --show-toplevel [3ms]
2023-12-11 00:28:15.846 [info] fatal: not a git repository (or any of the parent directories): .git
2023-12-11 00:28:22.956 [info] > git rev-parse --show-toplevel [1ms]
2023-12-11 00:28:22.956 [info] fatal: not a git repository (or any of the parent directories): .git
2023-12-11 00:28:32.911 [info] > git rev-parse --show-toplevel [1ms]
2023-12-11 00:28:32.911 [info] fatal: not a git repository (or any of the parent directories): .git
2023-12-11 00:28:43.288 [info] > git rev-parse --show-toplevel [1ms]
2023-12-11 00:28:43.288 [info] fatal: not a git repository (or any of the parent directories): .git
2023-12-11 00:29:07.014 [info] > git rev-parse --show-toplevel [2ms]
2023-12-11 00:29:07.014 [info] fatal: not a git repository (or any of the parent directories): .git
2023-12-11 00:29:20.096 [info] > git rev-parse --show-toplevel [1ms]
2023-12-11 00:29:20.096 [info] fatal: not a git repository (or any of the parent directories): .git
2023-12-11 00:30:54.531 [info] > git rev-parse --show-toplevel [2ms]
2023-12-11 00:30:54.531 [info] fatal: not a git repository (or any of the parent directories): .git
2023-12-11 00:31:00.234 [info] > git rev-parse --show-toplevel [1ms]
2023-12-11 00:31:00.234 [info] fatal: not a git repository (or any of the parent directories): .git
2023-12-11 00:31:03.487 [info] > git rev-parse --show-toplevel [2ms]
2023-12-11 00:31:03.487 [info] fatal: not a git repository (or any of the parent directories): .git
2023-12-11 00:31:11.955 [info] > git rev-parse --show-toplevel [1ms]
2023-12-11 00:31:11.955 [info] fatal: not a git repository (or any of the parent directories): .git
2023-12-11 00:31:18.914 [info] > git rev-parse --show-toplevel [1ms]
2023-12-11 00:31:18.914 [info] fatal: not a git repository (or any of the parent directories): .git
