GitLens v14.5.2 activating in Visual Studio Code (1.85.0) on the desktop; language='en', logLevel='warn', defaultDateLocale='null' (1f013c47ecb51c7e5f5ad2f0a5ccc73b33f1226f6761b5d755f5dbe3b698a2f6|75a11721-e73c-4077-86d3-570f285d222a1702246003913)
To enable debug logging, set `"gitlens.outputLevel: "debug"` or run "GitLens: Enable Debug Logging" from the Command Palette
[2023-12-10 22:06:44.753] [GIT  ] [/home/cristi/.config/waybar] git rev-parse --show-toplevel • Command failed: /usr/bin/git -c core.quotepath=false -c color.ui=false rev-parse --show-toplevel • not a git repository (or any of the parent directories): .git [10ms]

[2023-12-10 22:06:44.770] [GIT  ] [/home/cristi/.config/waybar/modules] git rev-parse --show-toplevel • Command failed: /usr/bin/git -c core.quotepath=false -c color.ui=false rev-parse --show-toplevel • not a git repository (or any of the parent directories): .git [3ms]

[2023-12-10 22:07:12.707] [GIT  ] [/home/cristi/.config/waybar/modules] git rev-parse --show-toplevel • Command failed: /usr/bin/git -c core.quotepath=false -c color.ui=false rev-parse --show-toplevel • not a git repository (or any of the parent directories): .git [4ms]

[2023-12-10 22:07:17.870] [GIT  ] [/home/cristi/.config/waybar/modules] git rev-parse --show-toplevel • Command failed: /usr/bin/git -c core.quotepath=false -c color.ui=false rev-parse --show-toplevel • not a git repository (or any of the parent directories): .git [3ms]

[2023-12-10 22:07:27.957] [GIT  ] [/home/cristi/.config/waybar] git rev-parse --show-toplevel • Command failed: /usr/bin/git -c core.quotepath=false -c color.ui=false rev-parse --show-toplevel • not a git repository (or any of the parent directories): .git [7ms]

[2023-12-10 22:08:36.966] [GIT  ] [/home/cristi/.config/waybar] git rev-parse --show-toplevel • Command failed: /usr/bin/git -c core.quotepath=false -c color.ui=false rev-parse --show-toplevel • not a git repository (or any of the parent directories): .git [4ms]

[2023-12-10 22:13:29.470] [GIT  ] [/home/cristi/.config/waybar/modules] git rev-parse --show-toplevel • Command failed: /usr/bin/git -c core.quotepath=false -c color.ui=false rev-parse --show-toplevel • not a git repository (or any of the parent directories): .git [4ms]

[2023-12-10 22:13:47.668] [GIT  ] [/home/cristi/.config/waybar/modules] git rev-parse --show-toplevel • Command failed: /usr/bin/git -c core.quotepath=false -c color.ui=false rev-parse --show-toplevel • not a git repository (or any of the parent directories): .git [4ms]

[2023-12-10 22:13:49.848] [GIT  ] [/home/cristi/.config/waybar/modules] git rev-parse --show-toplevel • Command failed: /usr/bin/git -c core.quotepath=false -c color.ui=false rev-parse --show-toplevel • not a git repository (or any of the parent directories): .git [6ms]

[2023-12-10 22:13:52.119] [GIT  ] [/home/cristi/.config/waybar/modules] git rev-parse --show-toplevel • Command failed: /usr/bin/git -c core.quotepath=false -c color.ui=false rev-parse --show-toplevel • not a git repository (or any of the parent directories): .git [4ms]

[2023-12-10 22:13:53.182] [GIT  ] [/home/cristi/.config/waybar/modules] git rev-parse --show-toplevel • Command failed: /usr/bin/git -c core.quotepath=false -c color.ui=false rev-parse --show-toplevel • not a git repository (or any of the parent directories): .git [5ms]

[2023-12-10 22:14:14.101] [GIT  ] [/home/cristi/.config/waybar/modules] git rev-parse --show-toplevel • Command failed: /usr/bin/git -c core.quotepath=false -c color.ui=false rev-parse --show-toplevel • not a git repository (or any of the parent directories): .git [4ms]

[2023-12-10 22:14:45.101] [GIT  ] [/home/cristi/.config/waybar/modules] git rev-parse --show-toplevel • Command failed: /usr/bin/git -c core.quotepath=false -c color.ui=false rev-parse --show-toplevel • not a git repository (or any of the parent directories): .git [4ms]

[2023-12-10 22:15:10.361] [GIT  ] [/home/cristi/.config/Code/Workspaces/1702246510831] git rev-parse --show-toplevel • Command failed: /usr/bin/git -c core.quotepath=false -c color.ui=false rev-parse --show-toplevel • not a git repository (or any of the parent directories): .git [6ms]

[2023-12-10 22:16:20.125] [GIT  ] [/home/cristi/.config/waybar/modules] git rev-parse --show-toplevel • Command failed: /usr/bin/git -c core.quotepath=false -c color.ui=false rev-parse --show-toplevel • not a git repository (or any of the parent directories): .git [5ms]

[2023-12-10 22:16:23.877] [GIT  ] [/home/cristi/.config/waybar/modules] git rev-parse --show-toplevel • Command failed: /usr/bin/git -c core.quotepath=false -c color.ui=false rev-parse --show-toplevel • not a git repository (or any of the parent directories): .git [6ms]

[2023-12-10 22:16:26.010] [GIT  ] [/home/cristi/.config/waybar/modules] git rev-parse --show-toplevel • Command failed: /usr/bin/git -c core.quotepath=false -c color.ui=false rev-parse --show-toplevel • not a git repository (or any of the parent directories): .git [5ms]

[2023-12-10 22:17:30.314] [GIT  ] [/home/cristi/.config/waybar/modules] git rev-parse --show-toplevel • Command failed: /usr/bin/git -c core.quotepath=false -c color.ui=false rev-parse --show-toplevel • not a git repository (or any of the parent directories): .git [4ms]

[2023-12-10 22:27:39.414] [GIT  ] [/home/cristi/.config/waybar/modules] git rev-parse --show-toplevel • Command failed: /usr/bin/git -c core.quotepath=false -c color.ui=false rev-parse --show-toplevel • not a git repository (or any of the parent directories): .git [7ms]

[2023-12-10 22:28:03.043] [GIT  ] [/home/cristi/.config/waybar] git rev-parse --show-toplevel • Command failed: /usr/bin/git -c core.quotepath=false -c color.ui=false rev-parse --show-toplevel • not a git repository (or any of the parent directories): .git [5ms]

