2023-12-10 19:31:58.990 [info] Log level: Info
2023-12-10 19:31:58.990 [info] Validating found git in: "git"
2023-12-10 19:31:58.990 [info] Using git "2.43.0" from "git"
2023-12-10 19:31:58.990 [info] > git rev-parse --show-toplevel [2ms]
2023-12-10 19:31:58.990 [info] fatal: not a git repository (or any of the parent directories): .git
2023-12-10 19:31:58.990 [info] > git rev-parse --show-toplevel [173ms]
2023-12-10 19:31:58.990 [info] fatal: not a git repository (or any of the parent directories): .git
2023-12-10 19:31:58.990 [info] > git rev-parse --show-toplevel [16ms]
2023-12-10 19:31:58.990 [info] fatal: not a git repository (or any of the parent directories): .git
2023-12-10 19:31:58.999 [info] > git rev-parse --show-toplevel [3ms]
2023-12-10 19:31:58.999 [info] fatal: not a git repository (or any of the parent directories): .git
2023-12-10 19:31:59.006 [info] > git rev-parse --show-toplevel [1ms]
2023-12-10 19:31:59.006 [info] fatal: not a git repository (or any of the parent directories): .git
2023-12-10 19:31:59.012 [info] > git rev-parse --show-toplevel [1ms]
2023-12-10 19:31:59.012 [info] fatal: not a git repository (or any of the parent directories): .git
2023-12-10 19:31:59.021 [info] > git rev-parse --show-toplevel [2ms]
2023-12-10 19:31:59.021 [info] fatal: not a git repository (or any of the parent directories): .git
2023-12-10 19:31:59.029 [info] > git rev-parse --show-toplevel [2ms]
2023-12-10 19:31:59.029 [info] fatal: not a git repository (or any of the parent directories): .git
2023-12-10 19:31:59.221 [info] > git rev-parse --show-toplevel [2ms]
2023-12-10 19:31:59.221 [info] fatal: not a git repository (or any of the parent directories): .git
2023-12-10 22:53:14.905 [info] > git rev-parse --show-toplevel [2ms]
2023-12-10 22:53:14.906 [info] fatal: not a git repository (or any of the parent directories): .git
2023-12-10 22:53:32.374 [info] > git rev-parse --show-toplevel [1ms]
2023-12-10 22:53:32.374 [info] fatal: not a git repository (or any of the parent directories): .git
2023-12-10 22:53:32.873 [info] > git rev-parse --show-toplevel [1ms]
2023-12-10 22:53:32.874 [info] fatal: not a git repository (or any of the parent directories): .git
