2023-12-11 00:15:11.000 [info] Log level: Info
2023-12-11 00:15:11.000 [info] Validating found git in: "git"
2023-12-11 00:15:11.000 [info] Using git "2.43.0" from "git"
2023-12-11 00:15:11.000 [info] > git rev-parse --show-toplevel [1ms]
2023-12-11 00:15:11.000 [info] fatal: not a git repository (or any of the parent directories): .git
2023-12-11 00:15:11.000 [info] > git rev-parse --show-toplevel [1ms]
2023-12-11 00:15:11.000 [info] fatal: not a git repository (or any of the parent directories): .git
2023-12-11 00:15:11.005 [info] > git rev-parse --show-toplevel [2ms]
2023-12-11 00:15:11.005 [info] fatal: not a git repository (or any of the parent directories): .git
2023-12-11 00:15:11.009 [info] > git rev-parse --show-toplevel [1ms]
2023-12-11 00:15:11.010 [info] fatal: not a git repository (or any of the parent directories): .git
2023-12-11 00:15:11.189 [info] > git rev-parse --show-toplevel [3ms]
2023-12-11 00:15:11.189 [info] fatal: not a git repository (or any of the parent directories): .git
2023-12-11 00:15:11.195 [info] > git rev-parse --show-toplevel [1ms]
2023-12-11 00:15:11.195 [info] fatal: not a git repository (or any of the parent directories): .git
2023-12-11 00:15:11.270 [info] > git rev-parse --show-toplevel [17ms]
2023-12-11 00:15:11.270 [info] fatal: not a git repository (or any of the parent directories): .git
2023-12-11 00:15:11.412 [info] > git rev-parse --show-toplevel [1ms]
2023-12-11 00:15:11.412 [info] fatal: not a git repository (or any of the parent directories): .git
2023-12-11 00:15:26.624 [info] Log level: Info
2023-12-11 00:15:26.624 [info] Validating found git in: "git"
2023-12-11 00:15:26.624 [info] Using git "2.43.0" from "git"
2023-12-11 00:15:26.624 [info] > git rev-parse --show-toplevel [3ms]
2023-12-11 00:15:26.624 [info] fatal: not a git repository (or any of the parent directories): .git
2023-12-11 00:15:26.624 [info] > git rev-parse --show-toplevel [14ms]
2023-12-11 00:15:26.624 [info] fatal: not a git repository (or any of the parent directories): .git
2023-12-11 00:15:26.641 [info] > git rev-parse --show-toplevel [13ms]
2023-12-11 00:15:26.641 [info] fatal: not a git repository (or any of the parent directories): .git
2023-12-11 00:15:26.657 [info] > git rev-parse --show-toplevel [8ms]
2023-12-11 00:15:26.657 [info] fatal: not a git repository (or any of the parent directories): .git
2023-12-11 00:15:26.666 [info] > git rev-parse --show-toplevel [2ms]
2023-12-11 00:15:26.666 [info] fatal: not a git repository (or any of the parent directories): .git
2023-12-11 00:15:26.671 [info] > git rev-parse --show-toplevel [1ms]
2023-12-11 00:15:26.671 [info] fatal: not a git repository (or any of the parent directories): .git
2023-12-11 00:15:26.675 [info] > git rev-parse --show-toplevel [1ms]
2023-12-11 00:15:26.675 [info] fatal: not a git repository (or any of the parent directories): .git
2023-12-11 00:15:26.679 [info] > git rev-parse --show-toplevel [0ms]
2023-12-11 00:15:26.680 [info] fatal: not a git repository (or any of the parent directories): .git
2023-12-11 00:15:42.763 [info] > git rev-parse --show-toplevel [1ms]
2023-12-11 00:15:42.763 [info] fatal: not a git repository (or any of the parent directories): .git
2023-12-11 00:15:58.940 [info] > git rev-parse --show-toplevel [1ms]
2023-12-11 00:15:58.940 [info] fatal: not a git repository (or any of the parent directories): .git
2023-12-11 00:15:59.863 [info] > git rev-parse --show-toplevel [1ms]
2023-12-11 00:15:59.863 [info] fatal: not a git repository (or any of the parent directories): .git
2023-12-11 00:16:00.741 [info] > git rev-parse --show-toplevel [1ms]
2023-12-11 00:16:00.741 [info] fatal: not a git repository (or any of the parent directories): .git
2023-12-11 00:16:02.452 [info] > git rev-parse --show-toplevel [0ms]
2023-12-11 00:16:02.452 [info] fatal: not a git repository (or any of the parent directories): .git
2023-12-11 00:32:05.855 [info] > git rev-parse --show-toplevel [1ms]
2023-12-11 00:32:05.855 [info] fatal: not a git repository (or any of the parent directories): .git
2023-12-11 00:32:34.261 [info] > git rev-parse --show-toplevel [1ms]
2023-12-11 00:32:34.261 [info] fatal: not a git repository (or any of the parent directories): .git
2023-12-11 00:33:12.025 [info] > git rev-parse --show-toplevel [0ms]
2023-12-11 00:33:12.025 [info] fatal: not a git repository (or any of the parent directories): .git
