GitLens v14.5.2 activating in Visual Studio Code (1.85.0) on the desktop; language='en', logLevel='warn', defaultDateLocale='null' (1f013c47ecb51c7e5f5ad2f0a5ccc73b33f1226f6761b5d755f5dbe3b698a2f6|396c85f5-35fb-4119-8535-2dea1898407d1702323095149)
To enable debug logging, set `"gitlens.outputLevel: "debug"` or run "GitLens: Enable Debug Logging" from the Command Palette
[2023-12-11 19:31:35.861] [GIT  ] [/home/cristi/.config/waybar] git rev-parse --show-toplevel • Command failed: /usr/bin/git -c core.quotepath=false -c color.ui=false rev-parse --show-toplevel • not a git repository (or any of the parent directories): .git [21ms]

[2023-12-11 19:31:35.877] [GIT  ] [/home/cristi/.config/waybar] git rev-parse --show-toplevel • Command failed: /usr/bin/git -c core.quotepath=false -c color.ui=false rev-parse --show-toplevel • not a git repository (or any of the parent directories): .git [4ms]

[2023-12-11 19:31:48.032] [GIT  ] [/home/cristi/.config/waybar/modules] git rev-parse --show-toplevel • Command failed: /usr/bin/git -c core.quotepath=false -c color.ui=false rev-parse --show-toplevel • not a git repository (or any of the parent directories): .git [6ms]

[2023-12-11 19:31:49.059] [GIT  ] [/home/cristi/.config/waybar/modules] git rev-parse --show-toplevel • Command failed: /usr/bin/git -c core.quotepath=false -c color.ui=false rev-parse --show-toplevel • not a git repository (or any of the parent directories): .git [5ms]

[2023-12-11 19:37:20.105] [GIT  ] [/home/cristi/.config/waybar/modules] git rev-parse --show-toplevel • Command failed: /usr/bin/git -c core.quotepath=false -c color.ui=false rev-parse --show-toplevel • not a git repository (or any of the parent directories): .git [7ms]

[2023-12-11 19:37:46.208] [GIT  ] [/home/cristi/.config/waybar/modules] git rev-parse --show-toplevel • Command failed: /usr/bin/git -c core.quotepath=false -c color.ui=false rev-parse --show-toplevel • not a git repository (or any of the parent directories): .git [5ms]

[2023-12-11 19:37:49.823] [GIT  ] [/home/cristi/.config/waybar/modules] git rev-parse --show-toplevel • Command failed: /usr/bin/git -c core.quotepath=false -c color.ui=false rev-parse --show-toplevel • not a git repository (or any of the parent directories): .git [4ms]

[2023-12-11 19:38:19.062] [GIT  ] [/home/cristi/.config/waybar] git rev-parse --show-toplevel • Command failed: /usr/bin/git -c core.quotepath=false -c color.ui=false rev-parse --show-toplevel • not a git repository (or any of the parent directories): .git [7ms]

[2023-12-11 19:46:35.372] [GIT  ] [/home/cristi/.config/waybar/modules] git rev-parse --show-toplevel • Command failed: /usr/bin/git -c core.quotepath=false -c color.ui=false rev-parse --show-toplevel • not a git repository (or any of the parent directories): .git [5ms]

[2023-12-11 19:48:37.901] [GIT  ] [/home/cristi/.config/waybar/modules] git rev-parse --show-toplevel • Command failed: /usr/bin/git -c core.quotepath=false -c color.ui=false rev-parse --show-toplevel • not a git repository (or any of the parent directories): .git [5ms]

[2023-12-11 19:48:39.302] [GIT  ] [/home/cristi/.config/waybar/modules] git rev-parse --show-toplevel • Command failed: /usr/bin/git -c core.quotepath=false -c color.ui=false rev-parse --show-toplevel • not a git repository (or any of the parent directories): .git [5ms]

[2023-12-11 19:50:03.780] [GIT  ] [/home/cristi/.config/waybar/modules] git rev-parse --show-toplevel • Command failed: /usr/bin/git -c core.quotepath=false -c color.ui=false rev-parse --show-toplevel • not a git repository (or any of the parent directories): .git [5ms]

[2023-12-11 19:51:17.014] [GIT  ] [/home/cristi/.config/waybar/scripts] git rev-parse --show-toplevel • Command failed: /usr/bin/git -c core.quotepath=false -c color.ui=false rev-parse --show-toplevel • not a git repository (or any of the parent directories): .git [7ms]

[2023-12-11 19:54:26.547] [GIT  ] [/home/cristi/.config/waybar/modules] git rev-parse --show-toplevel • Command failed: /usr/bin/git -c core.quotepath=false -c color.ui=false rev-parse --show-toplevel • not a git repository (or any of the parent directories): .git [4ms]

[2023-12-11 19:54:28.546] [GIT  ] [/home/cristi/.config/waybar/modules] git rev-parse --show-toplevel • Command failed: /usr/bin/git -c core.quotepath=false -c color.ui=false rev-parse --show-toplevel • not a git repository (or any of the parent directories): .git [4ms]

[2023-12-11 19:54:29.531] [GIT  ] [/home/cristi/.config/waybar/modules] git rev-parse --show-toplevel • Command failed: /usr/bin/git -c core.quotepath=false -c color.ui=false rev-parse --show-toplevel • not a git repository (or any of the parent directories): .git [4ms]

[2023-12-11 20:01:24.068] [GIT  ] [/home/cristi/.config/waybar/modules] git rev-parse --show-toplevel • Command failed: /usr/bin/git -c core.quotepath=false -c color.ui=false rev-parse --show-toplevel • not a git repository (or any of the parent directories): .git [4ms]

[2023-12-11 20:01:24.536] [GIT  ] [/home/cristi/.config/waybar/modules] git rev-parse --show-toplevel • Command failed: /usr/bin/git -c core.quotepath=false -c color.ui=false rev-parse --show-toplevel • not a git repository (or any of the parent directories): .git [4ms]

[2023-12-11 20:16:53.183] [GIT  ] [/home/cristi/.config/waybar/modules] git rev-parse --show-toplevel • Command failed: /usr/bin/git -c core.quotepath=false -c color.ui=false rev-parse --show-toplevel • not a git repository (or any of the parent directories): .git [4ms]

