2023-12-11 00:15:10.670 [info] Added views:workbench.panel.markers.view in workbench.panel.markers
2023-12-11 00:15:10.670 [info] Added views:workbench.panel.output in workbench.panel.output
2023-12-11 00:15:10.670 [info] Added views:terminal in terminal
2023-12-11 00:15:10.670 [info] Added views:outline in workbench.view.explorer
2023-12-11 00:15:10.670 [info] Added views:workbench.scm in workbench.view.scm
2023-12-11 00:15:10.670 [info] Added views:workbench.view.search in workbench.view.search
2023-12-11 00:15:10.670 [info] Added views:timeline in workbench.view.explorer
2023-12-11 00:15:10.670 [info] Added views:workbench.explorer.fileView in workbench.view.explorer
2023-12-11 00:15:10.801 [info] Added views:gitlens.views.home,gitlens.views.drafts,gitlens.views.workspaces,gitlens.views.account in workbench.view.extension.gitlens
2023-12-11 00:15:10.802 [info] Added views:gitlens.views.commitDetails,gitlens.views.lineHistory,gitlens.views.fileHistory,gitlens.views.searchAndCompare in workbench.view.extension.gitlensInspect
2023-12-11 00:15:10.804 [info] Added views:gitlens.views.commits,gitlens.views.branches,gitlens.views.remotes,gitlens.views.stashes,gitlens.views.tags,gitlens.views.contributors in workbench.view.scm
2023-12-11 00:15:10.804 [info] Added views:dockerContainers,dockerImages,dockerRegistries,dockerNetworks,dockerVolumes,vscode-docker.views.dockerContexts,vscode-docker.views.help in workbench.view.extension.dockerView
2023-12-11 00:15:10.804 [info] Added views:extension.vsKubernetesExplorer,extension.vsKubernetesHelmRepoExplorer,kubernetes.cloudExplorer in workbench.view.extension.kubernetesView
2023-12-11 00:15:10.922 [info] Added views:workbench.debug.variablesView,workbench.debug.watchExpressionsView,workbench.debug.callStackView,workbench.debug.breakPointsView in workbench.view.debug
2023-12-11 00:15:10.936 [info] Added views:workbench.panel.repl.view in workbench.panel.repl
2023-12-11 00:15:10.937 [info] Removed views:workbench.debug.breakPointsView,workbench.debug.callStackView,workbench.debug.watchExpressionsView,workbench.debug.variablesView from workbench.view.debug
2023-12-11 00:15:10.937 [info] Added views:workbench.debug.welcome in workbench.view.debug
2023-12-11 00:15:11.063 [info] Added views:~remote.forwardedPorts in ~remote.forwardedPortsContainer
2023-12-11 00:15:11.228 [info] Removed views:gitlens.views.searchAndCompare,gitlens.views.fileHistory,gitlens.views.lineHistory,gitlens.views.commitDetails from workbench.view.extension.gitlensInspect
2023-12-11 00:15:11.229 [info] Removed views:gitlens.views.contributors,gitlens.views.tags,gitlens.views.stashes,gitlens.views.remotes,gitlens.views.branches,gitlens.views.commits from workbench.view.scm
2023-12-11 00:15:25.880 [info] Added views:workbench.panel.markers.view in workbench.panel.markers
2023-12-11 00:15:25.880 [info] Added views:workbench.panel.output in workbench.panel.output
2023-12-11 00:15:25.880 [info] Added views:terminal in terminal
2023-12-11 00:15:25.880 [info] Added views:outline in workbench.view.explorer
2023-12-11 00:15:25.880 [info] Added views:workbench.scm in workbench.view.scm
2023-12-11 00:15:25.880 [info] Added views:workbench.view.search in workbench.view.search
2023-12-11 00:15:25.880 [info] Added views:timeline in workbench.view.explorer
2023-12-11 00:15:25.880 [info] Added views:workbench.explorer.fileView in workbench.view.explorer
2023-12-11 00:15:25.916 [info] Added views:workbench.debug.welcome in workbench.view.debug
2023-12-11 00:15:26.104 [info] Added views:gitlens.views.home,gitlens.views.drafts,gitlens.views.workspaces,gitlens.views.account in workbench.view.extension.gitlens
2023-12-11 00:15:26.105 [info] Added views:gitlens.views.commitDetails,gitlens.views.lineHistory,gitlens.views.fileHistory,gitlens.views.searchAndCompare in workbench.view.extension.gitlensInspect
2023-12-11 00:15:26.105 [info] Added views:gitlens.views.commits,gitlens.views.branches,gitlens.views.remotes,gitlens.views.stashes,gitlens.views.tags,gitlens.views.contributors in workbench.view.scm
2023-12-11 00:15:26.105 [info] Added views:dockerContainers,dockerImages,dockerRegistries,dockerNetworks,dockerVolumes,vscode-docker.views.dockerContexts,vscode-docker.views.help in workbench.view.extension.dockerView
2023-12-11 00:15:26.105 [info] Added views:extension.vsKubernetesExplorer,extension.vsKubernetesHelmRepoExplorer,kubernetes.cloudExplorer in workbench.view.extension.kubernetesView
2023-12-11 00:15:26.284 [info] Added views:workbench.panel.repl.view in workbench.panel.repl
2023-12-11 00:15:26.452 [info] Added views:~remote.forwardedPorts in ~remote.forwardedPortsContainer
2023-12-11 00:15:26.625 [info] Removed views:gitlens.views.searchAndCompare,gitlens.views.fileHistory,gitlens.views.lineHistory,gitlens.views.commitDetails from workbench.view.extension.gitlensInspect
2023-12-11 00:15:26.626 [info] Removed views:gitlens.views.contributors,gitlens.views.tags,gitlens.views.stashes,gitlens.views.remotes,gitlens.views.branches,gitlens.views.commits from workbench.view.scm
