2023-12-10 18:47:23.373 [info] Log level: Info
2023-12-10 18:47:23.373 [info] Validating found git in: "git"
2023-12-10 18:47:23.373 [info] Using git "2.43.0" from "git"
2023-12-10 18:47:23.373 [info] > git rev-parse --show-toplevel [2ms]
2023-12-10 18:47:23.373 [info] fatal: not a git repository (or any of the parent directories): .git
2023-12-10 18:47:23.374 [info] > git rev-parse --show-toplevel [2ms]
2023-12-10 18:47:23.374 [info] fatal: not a git repository (or any of the parent directories): .git
2023-12-10 18:47:23.380 [info] > git rev-parse --show-toplevel [2ms]
2023-12-10 18:47:23.380 [info] fatal: not a git repository (or any of the parent directories): .git
2023-12-10 18:47:23.387 [info] > git rev-parse --show-toplevel [2ms]
2023-12-10 18:47:23.387 [info] fatal: not a git repository (or any of the parent directories): .git
2023-12-10 18:47:23.680 [info] > git rev-parse --show-toplevel [26ms]
2023-12-10 18:47:23.680 [info] fatal: not a git repository (or any of the parent directories): .git
2023-12-10 18:47:23.769 [info] > git rev-parse --show-toplevel [30ms]
2023-12-10 18:47:23.769 [info] fatal: not a git repository (or any of the parent directories): .git
2023-12-10 18:47:23.790 [info] > git rev-parse --show-toplevel [4ms]
2023-12-10 18:47:23.790 [info] fatal: not a git repository (or any of the parent directories): .git
2023-12-10 18:47:23.872 [info] > git rev-parse --show-toplevel [1ms]
2023-12-10 18:47:23.872 [info] fatal: not a git repository (or any of the parent directories): .git
2023-12-10 18:47:24.010 [info] > git rev-parse --show-toplevel [1ms]
2023-12-10 18:47:24.010 [info] fatal: not a git repository (or any of the parent directories): .git
2023-12-10 18:47:27.589 [info] > git rev-parse --show-toplevel [2ms]
2023-12-10 18:47:27.589 [info] fatal: not a git repository (or any of the parent directories): .git
2023-12-10 18:47:33.046 [info] > git rev-parse --show-toplevel [1ms]
2023-12-10 18:47:33.046 [info] fatal: not a git repository (or any of the parent directories): .git
2023-12-10 19:24:28.555 [info] > git rev-parse --show-toplevel [0ms]
2023-12-10 19:24:28.555 [info] fatal: not a git repository (or any of the parent directories): .git
2023-12-10 19:24:29.519 [info] > git rev-parse --show-toplevel [1ms]
2023-12-10 19:24:29.519 [info] fatal: not a git repository (or any of the parent directories): .git
2023-12-10 19:24:37.847 [info] > git rev-parse --show-toplevel [2ms]
2023-12-10 19:24:37.847 [info] fatal: not a git repository (or any of the parent directories): .git
2023-12-10 19:24:38.460 [info] > git rev-parse --show-toplevel [0ms]
2023-12-10 19:24:38.460 [info] fatal: not a git repository (or any of the parent directories): .git
