2023-12-10 23:47:09.840 [info] Log level: Info
2023-12-10 23:47:09.840 [info] Validating found git in: "git"
2023-12-10 23:47:09.840 [info] Using git "2.43.0" from "git"
2023-12-10 23:47:09.840 [info] > git rev-parse --show-toplevel [3ms]
2023-12-10 23:47:09.840 [info] fatal: not a git repository (or any of the parent directories): .git
2023-12-10 23:47:09.840 [info] > git rev-parse --show-toplevel [1ms]
2023-12-10 23:47:09.840 [info] fatal: not a git repository (or any of the parent directories): .git
2023-12-10 23:47:09.840 [info] > git rev-parse --show-toplevel [1ms]
2023-12-10 23:47:09.840 [info] fatal: not a git repository (or any of the parent directories): .git
2023-12-10 23:47:09.840 [info] > git rev-parse --show-toplevel [0ms]
2023-12-10 23:47:09.840 [info] fatal: not a git repository (or any of the parent directories): .git
2023-12-10 23:47:09.840 [info] > git rev-parse --show-toplevel [1ms]
2023-12-10 23:47:09.840 [info] fatal: not a git repository (or any of the parent directories): .git
2023-12-10 23:47:10.086 [info] > git rev-parse --show-toplevel [51ms]
2023-12-10 23:47:10.087 [info] fatal: not a git repository (or any of the parent directories): .git
2023-12-10 23:47:10.094 [info] > git rev-parse --show-toplevel [3ms]
2023-12-10 23:47:10.094 [info] fatal: not a git repository (or any of the parent directories): .git
2023-12-10 23:47:10.241 [info] > git rev-parse --show-toplevel [0ms]
2023-12-10 23:47:10.241 [info] fatal: not a git repository (or any of the parent directories): .git
2023-12-10 23:47:10.394 [info] > git rev-parse --show-toplevel [0ms]
2023-12-10 23:47:10.394 [info] fatal: not a git repository (or any of the parent directories): .git
