2023-12-11 00:06:13.823 [info] Extension host with pid 6515 started
2023-12-11 00:06:13.823 [info] Skipping acquiring lock for /home/cristi/.config/Code/User/workspaceStorage/4f6f921e54003d04ae14edcb935a785c.
2023-12-11 00:06:13.883 [info] ExtensionService#_doActivateExtension vscode.emmet, startup: false, activationEvent: 'onLanguage'
2023-12-11 00:06:13.920 [info] ExtensionService#_doActivateExtension vscode.git-base, startup: true, activationEvent: '*', root cause: vscode.git
2023-12-11 00:06:13.948 [info] ExtensionService#_doActivateExtension vscode.git, startup: true, activationEvent: '*'
2023-12-11 00:06:13.962 [info] ExtensionService#_doActivateExtension vscode.github, startup: true, activationEvent: '*'
2023-12-11 00:06:13.982 [info] Eager extensions activated
2023-12-11 00:06:13.995 [info] ExtensionService#_doActivateExtension vscode.debug-auto-launch, startup: false, activationEvent: 'onStartupFinished'
2023-12-11 00:06:13.996 [info] ExtensionService#_doActivateExtension vscode.merge-conflict, startup: false, activationEvent: 'onStartupFinished'
2023-12-11 00:06:14.000 [info] ExtensionService#_doActivateExtension Catppuccin.catppuccin-vsc, startup: false, activationEvent: 'onStartupFinished'
2023-12-11 00:06:14.002 [info] ExtensionService#_doActivateExtension dsznajder.es7-react-js-snippets, startup: false, activationEvent: 'onStartupFinished'
2023-12-11 00:06:14.137 [info] ExtensionService#_doActivateExtension eamodio.gitlens, startup: false, activationEvent: 'onStartupFinished'
2023-12-11 00:06:43.739 [info] Extension host terminating: renderer closed the MessagePort
2023-12-11 00:06:43.748 [error] Canceled: Canceled
	at new g (/opt/visual-studio-code/resources/app/out/vs/workbench/api/node/extensionHostProcess.js:141:110274)
	at l.U (/opt/visual-studio-code/resources/app/out/vs/workbench/api/node/extensionHostProcess.js:150:10866)
	at P.<computed>.j.charCodeAt.P.<computed> (/opt/visual-studio-code/resources/app/out/vs/workbench/api/node/extensionHostProcess.js:150:8317)
	at d.g (/opt/visual-studio-code/resources/app/out/vs/workbench/api/node/extensionHostProcess.js:141:139555)
	at d.executeCommand (/opt/visual-studio-code/resources/app/out/vs/workbench/api/node/extensionHostProcess.js:141:138993)
	at p.registerCommand.description (/opt/visual-studio-code/resources/app/out/vs/workbench/api/node/extensionHostProcess.js:141:138317)
	at d.h (/opt/visual-studio-code/resources/app/out/vs/workbench/api/node/extensionHostProcess.js:141:140094)
	at d.g (/opt/visual-studio-code/resources/app/out/vs/workbench/api/node/extensionHostProcess.js:141:139086)
	at d.executeCommand (/opt/visual-studio-code/resources/app/out/vs/workbench/api/node/extensionHostProcess.js:141:138993)
	at Object.executeCommand (/opt/visual-studio-code/resources/app/out/vs/workbench/api/node/extensionHostProcess.js:158:21333)
	at w (/home/cristi/.vscode/extensions/eamodio.gitlens-14.5.2/dist/gitlens.js:1:1112601)
	at l (/home/cristi/.vscode/extensions/eamodio.gitlens-14.5.2/dist/gitlens.js:1:1117244)
	at ActionRunners._updateContextKeys (/home/cristi/.vscode/extensions/eamodio.gitlens-14.5.2/dist/gitlens.js:1:39035)
	at s (/home/cristi/.vscode/extensions/eamodio.gitlens-14.5.2/dist/gitlens.js:1:37454)
	at RegisteredActionRunner.unregister (/home/cristi/.vscode/extensions/eamodio.gitlens-14.5.2/dist/gitlens.js:1:37598)
	at RegisteredActionRunner.dispose (/home/cristi/.vscode/extensions/eamodio.gitlens-14.5.2/dist/gitlens.js:1:36261)
	at ActionRunners.dispose (/home/cristi/.vscode/extensions/eamodio.gitlens-14.5.2/dist/gitlens.js:1:37040)
	at /home/cristi/.vscode/extensions/eamodio.gitlens-14.5.2/dist/gitlens.js:1:800190
	at Array.forEach (<anonymous>)
	at Object.dispose (/home/cristi/.vscode/extensions/eamodio.gitlens-14.5.2/dist/gitlens.js:1:800175)
	at s (/opt/visual-studio-code/resources/app/out/vs/workbench/api/node/extensionHostProcess.js:30:754)
	at f.cb (/opt/visual-studio-code/resources/app/out/vs/workbench/api/node/extensionHostProcess.js:154:9873)
	at /opt/visual-studio-code/resources/app/out/vs/workbench/api/node/extensionHostProcess.js:154:7808
	at Array.map (<anonymous>)
	at f.Y (/opt/visual-studio-code/resources/app/out/vs/workbench/api/node/extensionHostProcess.js:154:7795)
	at f.terminate (/opt/visual-studio-code/resources/app/out/vs/workbench/api/node/extensionHostProcess.js:154:8068)
	at s.terminate (/opt/visual-studio-code/resources/app/out/vs/workbench/api/node/extensionHostProcess.js:158:1513)
	at a (/opt/visual-studio-code/resources/app/out/vs/workbench/api/node/extensionHostProcess.js:171:9802)
	at MessagePortMain.<anonymous> (/opt/visual-studio-code/resources/app/out/vs/workbench/api/node/extensionHostProcess.js:171:6227)
	at MessagePortMain.emit (node:events:513:28)
	at MessagePortMain._internalPort.emit (node:electron/js2c/utility_init:2:367) setContext undefined
2023-12-11 00:06:43.748 [error] Canceled: Canceled
	at new g (/opt/visual-studio-code/resources/app/out/vs/workbench/api/node/extensionHostProcess.js:141:110274)
	at l.U (/opt/visual-studio-code/resources/app/out/vs/workbench/api/node/extensionHostProcess.js:150:10866)
	at P.<computed>.j.charCodeAt.P.<computed> (/opt/visual-studio-code/resources/app/out/vs/workbench/api/node/extensionHostProcess.js:150:8317)
	at d.g (/opt/visual-studio-code/resources/app/out/vs/workbench/api/node/extensionHostProcess.js:141:139555)
	at d.executeCommand (/opt/visual-studio-code/resources/app/out/vs/workbench/api/node/extensionHostProcess.js:141:138993)
	at p.registerCommand.description (/opt/visual-studio-code/resources/app/out/vs/workbench/api/node/extensionHostProcess.js:141:138317)
	at d.h (/opt/visual-studio-code/resources/app/out/vs/workbench/api/node/extensionHostProcess.js:141:140094)
	at d.g (/opt/visual-studio-code/resources/app/out/vs/workbench/api/node/extensionHostProcess.js:141:139086)
	at d.executeCommand (/opt/visual-studio-code/resources/app/out/vs/workbench/api/node/extensionHostProcess.js:141:138993)
	at Object.executeCommand (/opt/visual-studio-code/resources/app/out/vs/workbench/api/node/extensionHostProcess.js:158:21333)
	at w (/home/cristi/.vscode/extensions/eamodio.gitlens-14.5.2/dist/gitlens.js:1:1112601)
	at l (/home/cristi/.vscode/extensions/eamodio.gitlens-14.5.2/dist/gitlens.js:1:1117244)
	at ActionRunners._updateContextKeys (/home/cristi/.vscode/extensions/eamodio.gitlens-14.5.2/dist/gitlens.js:1:39035)
	at s (/home/cristi/.vscode/extensions/eamodio.gitlens-14.5.2/dist/gitlens.js:1:37454)
	at RegisteredActionRunner.unregister (/home/cristi/.vscode/extensions/eamodio.gitlens-14.5.2/dist/gitlens.js:1:37598)
	at RegisteredActionRunner.dispose (/home/cristi/.vscode/extensions/eamodio.gitlens-14.5.2/dist/gitlens.js:1:36261)
	at ActionRunners.dispose (/home/cristi/.vscode/extensions/eamodio.gitlens-14.5.2/dist/gitlens.js:1:37040)
	at /home/cristi/.vscode/extensions/eamodio.gitlens-14.5.2/dist/gitlens.js:1:800190
	at Array.forEach (<anonymous>)
	at Object.dispose (/home/cristi/.vscode/extensions/eamodio.gitlens-14.5.2/dist/gitlens.js:1:800175)
	at s (/opt/visual-studio-code/resources/app/out/vs/workbench/api/node/extensionHostProcess.js:30:754)
	at f.cb (/opt/visual-studio-code/resources/app/out/vs/workbench/api/node/extensionHostProcess.js:154:9873)
	at /opt/visual-studio-code/resources/app/out/vs/workbench/api/node/extensionHostProcess.js:154:7808
	at Array.map (<anonymous>)
	at f.Y (/opt/visual-studio-code/resources/app/out/vs/workbench/api/node/extensionHostProcess.js:154:7795)
	at f.terminate (/opt/visual-studio-code/resources/app/out/vs/workbench/api/node/extensionHostProcess.js:154:8068)
	at s.terminate (/opt/visual-studio-code/resources/app/out/vs/workbench/api/node/extensionHostProcess.js:158:1513)
	at a (/opt/visual-studio-code/resources/app/out/vs/workbench/api/node/extensionHostProcess.js:171:9802)
	at MessagePortMain.<anonymous> (/opt/visual-studio-code/resources/app/out/vs/workbench/api/node/extensionHostProcess.js:171:6227)
	at MessagePortMain.emit (node:events:513:28)
	at MessagePortMain._internalPort.emit (node:electron/js2c/utility_init:2:367) setContext undefined
2023-12-11 00:06:43.748 [error] Canceled: Canceled
	at new g (/opt/visual-studio-code/resources/app/out/vs/workbench/api/node/extensionHostProcess.js:141:110274)
	at l.U (/opt/visual-studio-code/resources/app/out/vs/workbench/api/node/extensionHostProcess.js:150:10866)
	at P.<computed>.j.charCodeAt.P.<computed> (/opt/visual-studio-code/resources/app/out/vs/workbench/api/node/extensionHostProcess.js:150:8317)
	at d.g (/opt/visual-studio-code/resources/app/out/vs/workbench/api/node/extensionHostProcess.js:141:139555)
	at d.executeCommand (/opt/visual-studio-code/resources/app/out/vs/workbench/api/node/extensionHostProcess.js:141:138993)
	at p.registerCommand.description (/opt/visual-studio-code/resources/app/out/vs/workbench/api/node/extensionHostProcess.js:141:138317)
	at d.h (/opt/visual-studio-code/resources/app/out/vs/workbench/api/node/extensionHostProcess.js:141:140094)
	at d.g (/opt/visual-studio-code/resources/app/out/vs/workbench/api/node/extensionHostProcess.js:141:139086)
	at d.executeCommand (/opt/visual-studio-code/resources/app/out/vs/workbench/api/node/extensionHostProcess.js:141:138993)
	at Object.executeCommand (/opt/visual-studio-code/resources/app/out/vs/workbench/api/node/extensionHostProcess.js:158:21333)
	at w (/home/cristi/.vscode/extensions/eamodio.gitlens-14.5.2/dist/gitlens.js:1:1112601)
	at l (/home/cristi/.vscode/extensions/eamodio.gitlens-14.5.2/dist/gitlens.js:1:1117244)
	at ActionRunners._updateContextKeys (/home/cristi/.vscode/extensions/eamodio.gitlens-14.5.2/dist/gitlens.js:1:39035)
	at s (/home/cristi/.vscode/extensions/eamodio.gitlens-14.5.2/dist/gitlens.js:1:37454)
	at RegisteredActionRunner.unregister (/home/cristi/.vscode/extensions/eamodio.gitlens-14.5.2/dist/gitlens.js:1:37598)
	at RegisteredActionRunner.dispose (/home/cristi/.vscode/extensions/eamodio.gitlens-14.5.2/dist/gitlens.js:1:36261)
	at ActionRunners.dispose (/home/cristi/.vscode/extensions/eamodio.gitlens-14.5.2/dist/gitlens.js:1:37040)
	at /home/cristi/.vscode/extensions/eamodio.gitlens-14.5.2/dist/gitlens.js:1:800190
	at Array.forEach (<anonymous>)
	at Object.dispose (/home/cristi/.vscode/extensions/eamodio.gitlens-14.5.2/dist/gitlens.js:1:800175)
	at s (/opt/visual-studio-code/resources/app/out/vs/workbench/api/node/extensionHostProcess.js:30:754)
	at f.cb (/opt/visual-studio-code/resources/app/out/vs/workbench/api/node/extensionHostProcess.js:154:9873)
	at /opt/visual-studio-code/resources/app/out/vs/workbench/api/node/extensionHostProcess.js:154:7808
	at Array.map (<anonymous>)
	at f.Y (/opt/visual-studio-code/resources/app/out/vs/workbench/api/node/extensionHostProcess.js:154:7795)
	at f.terminate (/opt/visual-studio-code/resources/app/out/vs/workbench/api/node/extensionHostProcess.js:154:8068)
	at s.terminate (/opt/visual-studio-code/resources/app/out/vs/workbench/api/node/extensionHostProcess.js:158:1513)
	at a (/opt/visual-studio-code/resources/app/out/vs/workbench/api/node/extensionHostProcess.js:171:9802)
	at MessagePortMain.<anonymous> (/opt/visual-studio-code/resources/app/out/vs/workbench/api/node/extensionHostProcess.js:171:6227)
	at MessagePortMain.emit (node:events:513:28)
	at MessagePortMain._internalPort.emit (node:electron/js2c/utility_init:2:367) setContext undefined
2023-12-11 00:06:43.749 [info] Extension host with pid 6515 exiting with code 0
2023-12-11 00:06:44.268 [info] Extension host with pid 6736 started
2023-12-11 00:06:44.268 [info] Skipping acquiring lock for /home/cristi/.config/Code/User/workspaceStorage/dbfede686db3cd2692d9e40e4733787e.
2023-12-11 00:06:44.304 [info] ExtensionService#_doActivateExtension vscode.emmet, startup: false, activationEvent: 'onLanguage'
2023-12-11 00:06:44.307 [info] ExtensionService#_doActivateExtension vscode.json-language-features, startup: false, activationEvent: 'onLanguage:jsonc'
2023-12-11 00:06:44.326 [info] ExtensionService#_doActivateExtension vscode.typescript-language-features, startup: false, activationEvent: 'onLanguage:jsonc'
2023-12-11 00:06:44.483 [info] ExtensionService#_doActivateExtension vscode.git-base, startup: true, activationEvent: '*', root cause: vscode.git
2023-12-11 00:06:44.521 [info] ExtensionService#_doActivateExtension vscode.git, startup: true, activationEvent: '*'
2023-12-11 00:06:44.533 [info] ExtensionService#_doActivateExtension vscode.github, startup: true, activationEvent: '*'
2023-12-11 00:06:44.555 [info] Eager extensions activated
2023-12-11 00:06:44.564 [info] ExtensionService#_doActivateExtension vscode.debug-auto-launch, startup: false, activationEvent: 'onStartupFinished'
2023-12-11 00:06:44.565 [info] ExtensionService#_doActivateExtension vscode.merge-conflict, startup: false, activationEvent: 'onStartupFinished'
2023-12-11 00:06:44.568 [info] ExtensionService#_doActivateExtension Catppuccin.catppuccin-vsc, startup: false, activationEvent: 'onStartupFinished'
2023-12-11 00:06:44.570 [info] ExtensionService#_doActivateExtension dsznajder.es7-react-js-snippets, startup: false, activationEvent: 'onStartupFinished'
2023-12-11 00:06:44.671 [info] ExtensionService#_doActivateExtension eamodio.gitlens, startup: false, activationEvent: 'onStartupFinished'
2023-12-11 00:15:10.279 [info] ExtensionService#_doActivateExtension vscode.extension-editing, startup: false, activationEvent: 'onLanguage:json'
2023-12-11 00:15:10.283 [info] ExtensionService#_doActivateExtension vscode.npm, startup: false, activationEvent: 'onLanguage:json'
2023-12-11 00:16:20.095 [info] ExtensionService#_doActivateExtension vscode.css-language-features, startup: false, activationEvent: 'onLanguage:css'
2023-12-11 00:27:39.332 [info] ExtensionService#_doActivateExtension ms-python.python, startup: false, activationEvent: 'onLanguage:python'
2023-12-11 00:27:39.437 [info] ExtensionService#_doActivateExtension ms-python.vscode-pylance, startup: false, activationEvent: 'onLanguage:python'
2023-12-11 01:16:45.972 [info] Extension host terminating: renderer closed the MessagePort
2023-12-11 01:16:45.989 [error] Canceled: Canceled
	at new g (/opt/visual-studio-code/resources/app/out/vs/workbench/api/node/extensionHostProcess.js:141:110274)
	at l.U (/opt/visual-studio-code/resources/app/out/vs/workbench/api/node/extensionHostProcess.js:150:10866)
	at P.<computed>.j.charCodeAt.P.<computed> (/opt/visual-studio-code/resources/app/out/vs/workbench/api/node/extensionHostProcess.js:150:8317)
	at d.g (/opt/visual-studio-code/resources/app/out/vs/workbench/api/node/extensionHostProcess.js:141:139555)
	at d.executeCommand (/opt/visual-studio-code/resources/app/out/vs/workbench/api/node/extensionHostProcess.js:141:138993)
	at p.registerCommand.description (/opt/visual-studio-code/resources/app/out/vs/workbench/api/node/extensionHostProcess.js:141:138317)
	at d.h (/opt/visual-studio-code/resources/app/out/vs/workbench/api/node/extensionHostProcess.js:141:140094)
	at d.g (/opt/visual-studio-code/resources/app/out/vs/workbench/api/node/extensionHostProcess.js:141:139086)
	at d.executeCommand (/opt/visual-studio-code/resources/app/out/vs/workbench/api/node/extensionHostProcess.js:141:138993)
	at Object.executeCommand (/opt/visual-studio-code/resources/app/out/vs/workbench/api/node/extensionHostProcess.js:158:21333)
	at w (/home/cristi/.vscode/extensions/eamodio.gitlens-14.5.2/dist/gitlens.js:1:1112601)
	at l (/home/cristi/.vscode/extensions/eamodio.gitlens-14.5.2/dist/gitlens.js:1:1117244)
	at ActionRunners._updateContextKeys (/home/cristi/.vscode/extensions/eamodio.gitlens-14.5.2/dist/gitlens.js:1:39035)
	at s (/home/cristi/.vscode/extensions/eamodio.gitlens-14.5.2/dist/gitlens.js:1:37454)
	at RegisteredActionRunner.unregister (/home/cristi/.vscode/extensions/eamodio.gitlens-14.5.2/dist/gitlens.js:1:37598)
	at RegisteredActionRunner.dispose (/home/cristi/.vscode/extensions/eamodio.gitlens-14.5.2/dist/gitlens.js:1:36261)
	at ActionRunners.dispose (/home/cristi/.vscode/extensions/eamodio.gitlens-14.5.2/dist/gitlens.js:1:37040)
	at /home/cristi/.vscode/extensions/eamodio.gitlens-14.5.2/dist/gitlens.js:1:800190
	at Array.forEach (<anonymous>)
	at Object.dispose (/home/cristi/.vscode/extensions/eamodio.gitlens-14.5.2/dist/gitlens.js:1:800175)
	at s (/opt/visual-studio-code/resources/app/out/vs/workbench/api/node/extensionHostProcess.js:30:754)
	at f.cb (/opt/visual-studio-code/resources/app/out/vs/workbench/api/node/extensionHostProcess.js:154:9873)
	at /opt/visual-studio-code/resources/app/out/vs/workbench/api/node/extensionHostProcess.js:154:7808
	at Array.map (<anonymous>)
	at f.Y (/opt/visual-studio-code/resources/app/out/vs/workbench/api/node/extensionHostProcess.js:154:7795)
	at f.terminate (/opt/visual-studio-code/resources/app/out/vs/workbench/api/node/extensionHostProcess.js:154:8068)
	at s.terminate (/opt/visual-studio-code/resources/app/out/vs/workbench/api/node/extensionHostProcess.js:158:1513)
	at a (/opt/visual-studio-code/resources/app/out/vs/workbench/api/node/extensionHostProcess.js:171:9802)
	at MessagePortMain.<anonymous> (/opt/visual-studio-code/resources/app/out/vs/workbench/api/node/extensionHostProcess.js:171:6227)
	at MessagePortMain.emit (node:events:513:28)
	at MessagePortMain._internalPort.emit (node:electron/js2c/utility_init:2:367) setContext undefined
2023-12-11 01:16:45.989 [error] Canceled: Canceled
	at new g (/opt/visual-studio-code/resources/app/out/vs/workbench/api/node/extensionHostProcess.js:141:110274)
	at l.U (/opt/visual-studio-code/resources/app/out/vs/workbench/api/node/extensionHostProcess.js:150:10866)
	at P.<computed>.j.charCodeAt.P.<computed> (/opt/visual-studio-code/resources/app/out/vs/workbench/api/node/extensionHostProcess.js:150:8317)
	at d.g (/opt/visual-studio-code/resources/app/out/vs/workbench/api/node/extensionHostProcess.js:141:139555)
	at d.executeCommand (/opt/visual-studio-code/resources/app/out/vs/workbench/api/node/extensionHostProcess.js:141:138993)
	at p.registerCommand.description (/opt/visual-studio-code/resources/app/out/vs/workbench/api/node/extensionHostProcess.js:141:138317)
	at d.h (/opt/visual-studio-code/resources/app/out/vs/workbench/api/node/extensionHostProcess.js:141:140094)
	at d.g (/opt/visual-studio-code/resources/app/out/vs/workbench/api/node/extensionHostProcess.js:141:139086)
	at d.executeCommand (/opt/visual-studio-code/resources/app/out/vs/workbench/api/node/extensionHostProcess.js:141:138993)
	at Object.executeCommand (/opt/visual-studio-code/resources/app/out/vs/workbench/api/node/extensionHostProcess.js:158:21333)
	at w (/home/cristi/.vscode/extensions/eamodio.gitlens-14.5.2/dist/gitlens.js:1:1112601)
	at l (/home/cristi/.vscode/extensions/eamodio.gitlens-14.5.2/dist/gitlens.js:1:1117244)
	at ActionRunners._updateContextKeys (/home/cristi/.vscode/extensions/eamodio.gitlens-14.5.2/dist/gitlens.js:1:39035)
	at s (/home/cristi/.vscode/extensions/eamodio.gitlens-14.5.2/dist/gitlens.js:1:37454)
	at RegisteredActionRunner.unregister (/home/cristi/.vscode/extensions/eamodio.gitlens-14.5.2/dist/gitlens.js:1:37598)
	at RegisteredActionRunner.dispose (/home/cristi/.vscode/extensions/eamodio.gitlens-14.5.2/dist/gitlens.js:1:36261)
	at ActionRunners.dispose (/home/cristi/.vscode/extensions/eamodio.gitlens-14.5.2/dist/gitlens.js:1:37040)
	at /home/cristi/.vscode/extensions/eamodio.gitlens-14.5.2/dist/gitlens.js:1:800190
	at Array.forEach (<anonymous>)
	at Object.dispose (/home/cristi/.vscode/extensions/eamodio.gitlens-14.5.2/dist/gitlens.js:1:800175)
	at s (/opt/visual-studio-code/resources/app/out/vs/workbench/api/node/extensionHostProcess.js:30:754)
	at f.cb (/opt/visual-studio-code/resources/app/out/vs/workbench/api/node/extensionHostProcess.js:154:9873)
	at /opt/visual-studio-code/resources/app/out/vs/workbench/api/node/extensionHostProcess.js:154:7808
	at Array.map (<anonymous>)
	at f.Y (/opt/visual-studio-code/resources/app/out/vs/workbench/api/node/extensionHostProcess.js:154:7795)
	at f.terminate (/opt/visual-studio-code/resources/app/out/vs/workbench/api/node/extensionHostProcess.js:154:8068)
	at s.terminate (/opt/visual-studio-code/resources/app/out/vs/workbench/api/node/extensionHostProcess.js:158:1513)
	at a (/opt/visual-studio-code/resources/app/out/vs/workbench/api/node/extensionHostProcess.js:171:9802)
	at MessagePortMain.<anonymous> (/opt/visual-studio-code/resources/app/out/vs/workbench/api/node/extensionHostProcess.js:171:6227)
	at MessagePortMain.emit (node:events:513:28)
	at MessagePortMain._internalPort.emit (node:electron/js2c/utility_init:2:367) setContext undefined
2023-12-11 01:16:45.989 [error] Canceled: Canceled
	at new g (/opt/visual-studio-code/resources/app/out/vs/workbench/api/node/extensionHostProcess.js:141:110274)
	at l.U (/opt/visual-studio-code/resources/app/out/vs/workbench/api/node/extensionHostProcess.js:150:10866)
	at P.<computed>.j.charCodeAt.P.<computed> (/opt/visual-studio-code/resources/app/out/vs/workbench/api/node/extensionHostProcess.js:150:8317)
	at d.g (/opt/visual-studio-code/resources/app/out/vs/workbench/api/node/extensionHostProcess.js:141:139555)
	at d.executeCommand (/opt/visual-studio-code/resources/app/out/vs/workbench/api/node/extensionHostProcess.js:141:138993)
	at p.registerCommand.description (/opt/visual-studio-code/resources/app/out/vs/workbench/api/node/extensionHostProcess.js:141:138317)
	at d.h (/opt/visual-studio-code/resources/app/out/vs/workbench/api/node/extensionHostProcess.js:141:140094)
	at d.g (/opt/visual-studio-code/resources/app/out/vs/workbench/api/node/extensionHostProcess.js:141:139086)
	at d.executeCommand (/opt/visual-studio-code/resources/app/out/vs/workbench/api/node/extensionHostProcess.js:141:138993)
	at Object.executeCommand (/opt/visual-studio-code/resources/app/out/vs/workbench/api/node/extensionHostProcess.js:158:21333)
	at w (/home/cristi/.vscode/extensions/eamodio.gitlens-14.5.2/dist/gitlens.js:1:1112601)
	at l (/home/cristi/.vscode/extensions/eamodio.gitlens-14.5.2/dist/gitlens.js:1:1117244)
	at ActionRunners._updateContextKeys (/home/cristi/.vscode/extensions/eamodio.gitlens-14.5.2/dist/gitlens.js:1:39035)
	at s (/home/cristi/.vscode/extensions/eamodio.gitlens-14.5.2/dist/gitlens.js:1:37454)
	at RegisteredActionRunner.unregister (/home/cristi/.vscode/extensions/eamodio.gitlens-14.5.2/dist/gitlens.js:1:37598)
	at RegisteredActionRunner.dispose (/home/cristi/.vscode/extensions/eamodio.gitlens-14.5.2/dist/gitlens.js:1:36261)
	at ActionRunners.dispose (/home/cristi/.vscode/extensions/eamodio.gitlens-14.5.2/dist/gitlens.js:1:37040)
	at /home/cristi/.vscode/extensions/eamodio.gitlens-14.5.2/dist/gitlens.js:1:800190
	at Array.forEach (<anonymous>)
	at Object.dispose (/home/cristi/.vscode/extensions/eamodio.gitlens-14.5.2/dist/gitlens.js:1:800175)
	at s (/opt/visual-studio-code/resources/app/out/vs/workbench/api/node/extensionHostProcess.js:30:754)
	at f.cb (/opt/visual-studio-code/resources/app/out/vs/workbench/api/node/extensionHostProcess.js:154:9873)
	at /opt/visual-studio-code/resources/app/out/vs/workbench/api/node/extensionHostProcess.js:154:7808
	at Array.map (<anonymous>)
	at f.Y (/opt/visual-studio-code/resources/app/out/vs/workbench/api/node/extensionHostProcess.js:154:7795)
	at f.terminate (/opt/visual-studio-code/resources/app/out/vs/workbench/api/node/extensionHostProcess.js:154:8068)
	at s.terminate (/opt/visual-studio-code/resources/app/out/vs/workbench/api/node/extensionHostProcess.js:158:1513)
	at a (/opt/visual-studio-code/resources/app/out/vs/workbench/api/node/extensionHostProcess.js:171:9802)
	at MessagePortMain.<anonymous> (/opt/visual-studio-code/resources/app/out/vs/workbench/api/node/extensionHostProcess.js:171:6227)
	at MessagePortMain.emit (node:events:513:28)
	at MessagePortMain._internalPort.emit (node:electron/js2c/utility_init:2:367) setContext undefined
2023-12-11 01:16:45.991 [error] TypeError: e.clear is not a function
	at _.cleanUp (/home/cristi/.vscode/extensions/ms-python.python-2023.22.0/out/client/extension.js:2:2396933)
	at _.shutdown (/home/cristi/.vscode/extensions/ms-python.python-2023.22.0/out/client/extension.js:2:2396109)
	at _.stop (/home/cristi/.vscode/extensions/ms-python.python-2023.22.0/out/client/extension.js:2:2395537)
	at _.stop (/home/cristi/.vscode/extensions/ms-python.python-2023.22.0/out/client/extension.js:2:2561925)
	at Object.stop (/home/cristi/.vscode/extensions/ms-python.python-2023.22.0/out/client/extension.js:2:52774)
	at Object.stop (/home/cristi/.vscode/extensions/ms-python.vscode-pylance-2023.11.10/dist/extension.bundle.js:1:167421)
	at _0x245439.<computed>._stopClient (/home/cristi/.vscode/extensions/ms-python.vscode-pylance-2023.11.10/dist/extension.bundle.js:1:110729)
	at _0x245439.<computed>._createNewRequest (/home/cristi/.vscode/extensions/ms-python.vscode-pylance-2023.11.10/dist/extension.bundle.js:1:110308)
2023-12-11 01:16:45.991 [error] TypeError: e.clear is not a function
	at _.cleanUp (/home/cristi/.vscode/extensions/ms-python.python-2023.22.0/out/client/extension.js:2:2396933)
	at _.shutdown (/home/cristi/.vscode/extensions/ms-python.python-2023.22.0/out/client/extension.js:2:2396109)
	at _.stop (/home/cristi/.vscode/extensions/ms-python.python-2023.22.0/out/client/extension.js:2:2395537)
	at _.stop (/home/cristi/.vscode/extensions/ms-python.python-2023.22.0/out/client/extension.js:2:2561925)
	at Object.stop (/home/cristi/.vscode/extensions/ms-python.python-2023.22.0/out/client/extension.js:2:52774)
	at Object.stop (/home/cristi/.vscode/extensions/ms-python.vscode-pylance-2023.11.10/dist/extension.bundle.js:1:167421)
	at _0x245439.<computed>._stopClient (/home/cristi/.vscode/extensions/ms-python.vscode-pylance-2023.11.10/dist/extension.bundle.js:1:110729)
	at _0x245439.<computed>._createNewRequest (/home/cristi/.vscode/extensions/ms-python.vscode-pylance-2023.11.10/dist/extension.bundle.js:1:110308)
2023-12-11 01:16:45.994 [info] Extension host with pid 6736 exiting with code 0
